;  LST file generated by mikroListExporter - v.2.0 
; Date/Time: 27/04/2023 15:12:41
;----------------------------------------------

;Address Opcode 	ASM
0x0000	0xF002EFA6  	GOTO        1356
0x0004	0x0000      	NOP
0x0006	0x0000      	NOP
0x0008	0xF000EF00  	GOTO        0
0x000C	0x0000      	NOP
0x000E	0x0000      	NOP
0x0010	0x0000      	NOP
0x0012	0x0000      	NOP
0x0014	0x0000      	NOP
0x0016	0x0000      	NOP
0x0018	0xD7F3      	BRA         0
_FIXSIGN32:
;__Lib_MathDouble.c,117 :: 		
;__Lib_MathDouble.c,121 :: 		
0x001C	0xAE0A      	BTFSS       R10, 7, 0
;__Lib_MathDouble.c,122 :: 		
0x001E	0x9E02      	BCF         R2, 7, 0
;__Lib_MathDouble.c,123 :: 		
0x0020	0x0E00      	MOVLW       0
;__Lib_MathDouble.c,125 :: 		
L_end_FIXSIGN32:
0x0022	0x0012      	RETURN      0
; end of _FIXSIGN32
_SETFUN32:
;__Lib_MathDouble.c,144 :: 		
;__Lib_MathDouble.c,152 :: 		
0x0024	0x840B      	BSF         R11, 2, 0
;__Lib_MathDouble.c,153 :: 		
0x0026	0xAE0B      	BTFSS       R11, 7, 0
;__Lib_MathDouble.c,154 :: 		
0x0028	0xF000EF1D  	GOTO        SETFUN32EEE
;__Lib_MathDouble.c,156 :: 		
0x002C	0x0E01      	MOVLW       1
;__Lib_MathDouble.c,157 :: 		
0x002E	0x6E03      	MOVWF       R3, 0
;__Lib_MathDouble.c,158 :: 		
0x0030	0x6A02      	CLRF        R2, 0
;__Lib_MathDouble.c,159 :: 		
0x0032	0x6A01      	CLRF        R1, 0
;__Lib_MathDouble.c,160 :: 		
0x0034	0x6A00      	CLRF        R0, 0
;__Lib_MathDouble.c,161 :: 		
0x0036	0x360A      	RLCF        R10, 1, 0
;__Lib_MathDouble.c,162 :: 		
0x0038	0x3202      	RRCF        R2, 1, 0
;__Lib_MathDouble.c,163 :: 		
SETFUN32EEE:
;__Lib_MathDouble.c,164 :: 		
0x003A	0x0EFF      	MOVLW       255
;__Lib_MathDouble.c,166 :: 		
L_end_SETFUN32:
0x003C	0x0012      	RETURN      0
; end of _SETFUN32
_RES032:
;__Lib_MathDouble.c,128 :: 		
;__Lib_MathDouble.c,134 :: 		
0x003E	0x6A02      	CLRF        R2, 0
;__Lib_MathDouble.c,135 :: 		
0x0040	0x6A01      	CLRF        R1, 0
;__Lib_MathDouble.c,136 :: 		
0x0042	0x6A00      	CLRF        R0, 0
;__Lib_MathDouble.c,137 :: 		
0x0044	0x6A08      	CLRF        R8, 0
;__Lib_MathDouble.c,138 :: 		
0x0046	0x6A03      	CLRF        R3, 0
;__Lib_MathDouble.c,139 :: 		
0x0048	0x0E00      	MOVLW       0
;__Lib_MathDouble.c,141 :: 		
L_end_RES032:
0x004A	0x0012      	RETURN      0
; end of _RES032
_NRM3232:
;__Lib_MathDouble.c,455 :: 		
;__Lib_MathDouble.c,463 :: 		
0x004C	0x6A0C      	CLRF        R12, 0
;__Lib_MathDouble.c,464 :: 		
0x004E	0x6A0E      	CLRF        R14, 0
;__Lib_MathDouble.c,465 :: 		
0x0050	0x5002      	MOVF        R2, 0, 0
;__Lib_MathDouble.c,466 :: 		
0x0052	0xA4D8      	BTFSS       STATUS, 2, 0
;__Lib_MathDouble.c,467 :: 		
0x0054	0xF000EF3F  	GOTO        NORM3232
;__Lib_MathDouble.c,468 :: 		
0x0058	0xF002C001  	MOVFF       R1, R2
;__Lib_MathDouble.c,469 :: 		
0x005C	0xF001C000  	MOVFF       R0, R1
;__Lib_MathDouble.c,470 :: 		
0x0060	0x6A00      	CLRF        R0, 0
;__Lib_MathDouble.c,471 :: 		
0x0062	0x860E      	BSF         R14, 3, 0
;__Lib_MathDouble.c,473 :: 		
0x0064	0x5002      	MOVF        R2, 0, 0
;__Lib_MathDouble.c,474 :: 		
0x0066	0xA4D8      	BTFSS       STATUS, 2, 0
;__Lib_MathDouble.c,475 :: 		
0x0068	0xF000EF3F  	GOTO        NORM3232
;__Lib_MathDouble.c,476 :: 		
0x006C	0xF002C001  	MOVFF       R1, R2
;__Lib_MathDouble.c,477 :: 		
0x0070	0x6A01      	CLRF        R1, 0
;__Lib_MathDouble.c,478 :: 		
0x0072	0x960E      	BCF         R14, 3, 0
;__Lib_MathDouble.c,479 :: 		
0x0074	0x880E      	BSF         R14, 4, 0
;__Lib_MathDouble.c,481 :: 		
0x0076	0x5002      	MOVF        R2, 0, 0
;__Lib_MathDouble.c,482 :: 		
0x0078	0xB4D8      	BTFSC       STATUS, 2, 0
;__Lib_MathDouble.c,483 :: 		
0x007A	0xF000EF51  	GOTO        JPNRES032
;__Lib_MathDouble.c,484 :: 		
NORM3232:
;__Lib_MathDouble.c,485 :: 		
0x007E	0x500E      	MOVF        R14, 0, 0
;__Lib_MathDouble.c,486 :: 		
0x0080	0x5E03      	SUBWF       R3, 1, 0
;__Lib_MathDouble.c,487 :: 		
0x0082	0xA4D8      	BTFSS       STATUS, 2, 0
;__Lib_MathDouble.c,488 :: 		
0x0084	0xA0D8      	BTFSS       STATUS, 0, 0
;__Lib_MathDouble.c,489 :: 		
0x0086	0xF000EF56  	GOTO        JPNSETFUN32
;__Lib_MathDouble.c,490 :: 		
0x008A	0x90D8      	BCF         STATUS, 0, 0
;__Lib_MathDouble.c,491 :: 		
NORM3232A:
;__Lib_MathDouble.c,492 :: 		
0x008C	0xBE02      	BTFSC       R2, 7, 0
;__Lib_MathDouble.c,493 :: 		
0x008E	0xF000EF5B  	GOTO        JMPNFIXSIGN32
;__Lib_MathDouble.c,494 :: 		
0x0092	0x3600      	RLCF        R0, 1, 0
;__Lib_MathDouble.c,495 :: 		
0x0094	0x3601      	RLCF        R1, 1, 0
;__Lib_MathDouble.c,496 :: 		
0x0096	0x3602      	RLCF        R2, 1, 0
;__Lib_MathDouble.c,497 :: 		
0x0098	0x2E03      	DECFSZ      R3, 1, 0
;__Lib_MathDouble.c,498 :: 		
0x009A	0xF000EF46  	GOTO        NORM3232A
;__Lib_MathDouble.c,499 :: 		
0x009E	0xF000EF56  	GOTO        JPNSETFUN32
;__Lib_MathDouble.c,500 :: 		
JPNRES032:
;__Lib_MathDouble.c,501 :: 		
0x00A2	0x0E01      	MOVLW       1
;__Lib_MathDouble.c,502 :: 		
0x00A4	0x6E0C      	MOVWF       R12, 0
;__Lib_MathDouble.c,504 :: 		
0x00A6	0xDFCB      	RCALL       _RES032
;__Lib_MathDouble.c,506 :: 		
0x00A8	0xF000EF5E  	GOTO        NORM32EEE
;__Lib_MathDouble.c,507 :: 		
JPNSETFUN32:
;__Lib_MathDouble.c,508 :: 		
0x00AC	0x0E02      	MOVLW       2
;__Lib_MathDouble.c,509 :: 		
0x00AE	0x6E0C      	MOVWF       R12, 0
;__Lib_MathDouble.c,511 :: 		
0x00B0	0xDFB9      	RCALL       _SETFUN32
;__Lib_MathDouble.c,513 :: 		
0x00B2	0xF000EF5E  	GOTO        NORM32EEE
;__Lib_MathDouble.c,514 :: 		
JMPNFIXSIGN32:
;__Lib_MathDouble.c,515 :: 		
0x00B6	0x0E04      	MOVLW       4
;__Lib_MathDouble.c,516 :: 		
0x00B8	0x6E0C      	MOVWF       R12, 0
;__Lib_MathDouble.c,518 :: 		
0x00BA	0xDFB0      	RCALL       _FIXSIGN32
;__Lib_MathDouble.c,520 :: 		
NORM32EEE:
;__Lib_MathDouble.c,527 :: 		
L_end_NRM3232:
0x00BC	0x0012      	RETURN      0
; end of _NRM3232
_SETIOV3224:
;__Lib_MathDouble.c,530 :: 		
;__Lib_MathDouble.c,537 :: 		
0x00BE	0x800B      	BSF         R11, 0, 0
;__Lib_MathDouble.c,538 :: 		
0x00C0	0xAE0B      	BTFSS       R11, 7, 0
;__Lib_MathDouble.c,539 :: 		
0x00C2	0xF000EF6B  	GOTO        SETIOV3224EEE
;__Lib_MathDouble.c,541 :: 		
0x00C6	0x6A02      	CLRF        R2, 0
;__Lib_MathDouble.c,542 :: 		
0x00C8	0xAE0A      	BTFSS       R10, 7, 0
;__Lib_MathDouble.c,543 :: 		
0x00CA	0x0EFF      	MOVLW       255
;__Lib_MathDouble.c,544 :: 		
0x00CC	0x6E02      	MOVWF       R2, 0
;__Lib_MathDouble.c,545 :: 		
0x00CE	0x6E01      	MOVWF       R1, 0
;__Lib_MathDouble.c,546 :: 		
0x00D0	0x6E00      	MOVWF       R0, 0
;__Lib_MathDouble.c,547 :: 		
0x00D2	0x360A      	RLCF        R10, 1, 0
;__Lib_MathDouble.c,548 :: 		
0x00D4	0x3202      	RRCF        R2, 1, 0
;__Lib_MathDouble.c,549 :: 		
SETIOV3224EEE:
;__Lib_MathDouble.c,550 :: 		
0x00D6	0x0EFF      	MOVLW       255
;__Lib_MathDouble.c,552 :: 		
L_end_SETIOV3224:
0x00D8	0x0012      	RETURN      0
; end of _SETIOV3224
_SETFOV32:
;__Lib_MathDouble.c,82 :: 		
;__Lib_MathDouble.c,90 :: 		
0x00DA	0x820B      	BSF         R11, 1, 0
;__Lib_MathDouble.c,91 :: 		
0x00DC	0xAE0B      	BTFSS       R11, 7, 0
;__Lib_MathDouble.c,92 :: 		
0x00DE	0xF000EF77  	GOTO        SETFOV32EEE
;__Lib_MathDouble.c,94 :: 		
0x00E2	0x6803      	SETF        R3, 0
;__Lib_MathDouble.c,95 :: 		
0x00E4	0x6802      	SETF        R2, 0
;__Lib_MathDouble.c,96 :: 		
0x00E6	0x6801      	SETF        R1, 0
;__Lib_MathDouble.c,97 :: 		
0x00E8	0x6800      	SETF        R0, 0
;__Lib_MathDouble.c,98 :: 		
0x00EA	0x360A      	RLCF        R10, 1, 0
;__Lib_MathDouble.c,99 :: 		
0x00EC	0x3202      	RRCF        R2, 1, 0
;__Lib_MathDouble.c,100 :: 		
SETFOV32EEE:
;__Lib_MathDouble.c,101 :: 		
0x00EE	0x0EFF      	MOVLW       255
;__Lib_MathDouble.c,103 :: 		
L_end_SETFOV32:
0x00F0	0x0012      	RETURN      0
; end of _SETFOV32
_SETFDZ32:
;__Lib_MathDouble.c,106 :: 		
;__Lib_MathDouble.c,110 :: 		
0x00F2	0x6A0B      	CLRF        R11, 0
;__Lib_MathDouble.c,111 :: 		
0x00F4	0x860B      	BSF         R11, 3, 0
;__Lib_MathDouble.c,112 :: 		
0x00F6	0x0EFF      	MOVLW       255
;__Lib_MathDouble.c,114 :: 		
L_end_SETFDZ32:
0x00F8	0x0012      	RETURN      0
; end of _SETFDZ32
_Div_32x32_FP:
;__Lib_MathDouble.c,1325 :: 		
;__Lib_MathDouble.c,1339 :: 		
0x00FA	0x5004      	MOVF        R4, 0 
0x00FC	0x0A00      	XORLW       0
0x00FE	0xE112      	BNZ         L_Div_32x32_FP11
;__Lib_MathDouble.c,1340 :: 		
0x0100	0x5005      	MOVF        R5, 0 
0x0102	0x0A00      	XORLW       0
0x0104	0xE10F      	BNZ         L_Div_32x32_FP12
;__Lib_MathDouble.c,1341 :: 		
0x0106	0x5006      	MOVF        R6, 0 
0x0108	0x0A00      	XORLW       0
0x010A	0xE10C      	BNZ         L_Div_32x32_FP13
;__Lib_MathDouble.c,1342 :: 		
0x010C	0x5007      	MOVF        R7, 0 
0x010E	0x0A00      	XORLW       0
0x0110	0xE109      	BNZ         L_Div_32x32_FP14
;__Lib_MathDouble.c,1343 :: 		
0x0112	0x0EFF      	MOVLW       255
0x0114	0x6E00      	MOVWF       R0 
;__Lib_MathDouble.c,1344 :: 		
0x0116	0x0EFF      	MOVLW       255
0x0118	0x6E01      	MOVWF       R1 
;__Lib_MathDouble.c,1345 :: 		
0x011A	0x0E7F      	MOVLW       127
0x011C	0x6E02      	MOVWF       R2 
;__Lib_MathDouble.c,1346 :: 		
0x011E	0x0EFF      	MOVLW       255
0x0120	0x6E03      	MOVWF       R3 
;__Lib_MathDouble.c,1347 :: 		
0x0122	0xD0A4      	BRA         L_end_Div_32x32_FP
;__Lib_MathDouble.c,1348 :: 		
L_Div_32x32_FP14:
L_Div_32x32_FP13:
L_Div_32x32_FP12:
L_Div_32x32_FP11:
;__Lib_MathDouble.c,1353 :: 		
0x0124	0x6A08      	CLRF        R8, 0
;__Lib_MathDouble.c,1354 :: 		
0x0126	0x6A09      	CLRF        R9, 0
;__Lib_MathDouble.c,1356 :: 		
0x0128	0x5007      	MOVF        R7, 0, 0
;__Lib_MathDouble.c,1357 :: 		
0x012A	0xB4D8      	BTFSC       STATUS, 2, 0
;__Lib_MathDouble.c,1358 :: 		
0x012C	0xF001EF28  	GOTO        JPDSETFDZ32
;__Lib_MathDouble.c,1360 :: 		
0x0130	0x5003      	MOVF        R3, 0, 0
;__Lib_MathDouble.c,1361 :: 		
0x0132	0xB4D8      	BTFSC       STATUS, 2, 0
;__Lib_MathDouble.c,1362 :: 		
0x0134	0xF001EF2C  	GOTO        JPDRES032
;__Lib_MathDouble.c,1364 :: 		
0x0138	0x5002      	MOVF        R2, 0, 0
;__Lib_MathDouble.c,1365 :: 		
0x013A	0x1806      	XORWF       R6, 0, 0
;__Lib_MathDouble.c,1366 :: 		
0x013C	0x6E0A      	MOVWF       R10, 0
;__Lib_MathDouble.c,1367 :: 		
0x013E	0x8E02      	BSF         R2, 7, 0
;__Lib_MathDouble.c,1368 :: 		
0x0140	0x8E06      	BSF         R6, 7, 0
;__Lib_MathDouble.c,1370 :: 		
0x0142	0x6A0E      	CLRF        R14, 0
;__Lib_MathDouble.c,1371 :: 		
0x0144	0xF008C002  	MOVFF       R2, R8
;__Lib_MathDouble.c,1372 :: 		
0x0148	0xF00CC001  	MOVFF       R1, R12
;__Lib_MathDouble.c,1373 :: 		
0x014C	0xF00DC000  	MOVFF       R0, R13
;__Lib_MathDouble.c,1375 :: 		
0x0150	0x5004      	MOVF        R4, 0, 0
;__Lib_MathDouble.c,1376 :: 		
0x0152	0x5E0D      	SUBWF       R13, 1, 0
;__Lib_MathDouble.c,1377 :: 		
0x0154	0x5005      	MOVF        R5, 0, 0
;__Lib_MathDouble.c,1378 :: 		
0x0156	0xA0D8      	BTFSS       STATUS, 0, 0
;__Lib_MathDouble.c,1379 :: 		
0x0158	0x3C05      	INCFSZ      R5, 0, 0
;__Lib_MathDouble.c,1381 :: 		
0x015A	0x5E0C      	SUBWF       R12, 1, 0
;__Lib_MathDouble.c,1382 :: 		
0x015C	0x5006      	MOVF        R6, 0, 0
;__Lib_MathDouble.c,1383 :: 		
0x015E	0xA0D8      	BTFSS       STATUS, 0, 0
;__Lib_MathDouble.c,1384 :: 		
0x0160	0x3C06      	INCFSZ      R6, 0, 0
;__Lib_MathDouble.c,1386 :: 		
0x0162	0x5E08      	SUBWF       R8, 1, 0
;__Lib_MathDouble.c,1387 :: 		
0x0164	0x6A08      	CLRF        R8, 0
;__Lib_MathDouble.c,1388 :: 		
0x0166	0x6A0C      	CLRF        R12, 0
;__Lib_MathDouble.c,1389 :: 		
0x0168	0x6A0D      	CLRF        R13, 0
;__Lib_MathDouble.c,1390 :: 		
0x016A	0xA0D8      	BTFSS       STATUS, 0, 0
;__Lib_MathDouble.c,1391 :: 		
0x016C	0xF000EFBF  	GOTO        DALIGN32OK
;__Lib_MathDouble.c,1393 :: 		
0x0170	0x90D8      	BCF         STATUS, 0, 0
;__Lib_MathDouble.c,1394 :: 		
0x0172	0x3202      	RRCF        R2, 1, 0
;__Lib_MathDouble.c,1395 :: 		
0x0174	0x3201      	RRCF        R1, 1, 0
;__Lib_MathDouble.c,1396 :: 		
0x0176	0x3200      	RRCF        R0, 1, 0
;__Lib_MathDouble.c,1397 :: 		
0x0178	0x3208      	RRCF        R8, 1, 0
;__Lib_MathDouble.c,1398 :: 		
0x017A	0x0E01      	MOVLW       1
;__Lib_MathDouble.c,1399 :: 		
0x017C	0x6E0E      	MOVWF       R14, 0
;__Lib_MathDouble.c,1400 :: 		
DALIGN32OK:
;__Lib_MathDouble.c,1401 :: 		
0x017E	0x5007      	MOVF        R7, 0, 0
;__Lib_MathDouble.c,1402 :: 		
0x0180	0x5E03      	SUBWF       R3, 1, 0
;__Lib_MathDouble.c,1403 :: 		
0x0182	0xA0D8      	BTFSS       STATUS, 0, 0
;__Lib_MathDouble.c,1404 :: 		
0x0184	0xF000EFCC  	GOTO        ALTB32
;__Lib_MathDouble.c,1406 :: 		
0x0188	0x0E7E      	MOVLW       126
;__Lib_MathDouble.c,1407 :: 		
0x018A	0x240E      	ADDWF       R14, 0, 0
;__Lib_MathDouble.c,1408 :: 		
0x018C	0x2603      	ADDWF       R3, 1, 0
;__Lib_MathDouble.c,1409 :: 		
0x018E	0xB0D8      	BTFSC       STATUS, 0, 0
;__Lib_MathDouble.c,1410 :: 		
0x0190	0xF001EF30  	GOTO        JPDSETFOV32
;__Lib_MathDouble.c,1411 :: 		
0x0194	0xF000EFD2  	GOTO        DARGOK32
;__Lib_MathDouble.c,1412 :: 		
ALTB32:
;__Lib_MathDouble.c,1413 :: 		
0x0198	0x0E7E      	MOVLW       126
;__Lib_MathDouble.c,1414 :: 		
0x019A	0x240E      	ADDWF       R14, 0, 0
;__Lib_MathDouble.c,1415 :: 		
0x019C	0x2603      	ADDWF       R3, 1, 0
;__Lib_MathDouble.c,1416 :: 		
0x019E	0xA0D8      	BTFSS       STATUS, 0, 0
;__Lib_MathDouble.c,1417 :: 		
0x01A0	0xF001EF34  	GOTO        JPDSETFUN32
;__Lib_MathDouble.c,1418 :: 		
DARGOK32:
;__Lib_MathDouble.c,1419 :: 		
0x01A4	0x0E18      	MOVLW       24
;__Lib_MathDouble.c,1420 :: 		
0x01A6	0x6E0B      	MOVWF       R11, 0
;__Lib_MathDouble.c,1421 :: 		
DLOOP32:
;__Lib_MathDouble.c,1422 :: 		
0x01A8	0x360D      	RLCF        R13, 1, 0
;__Lib_MathDouble.c,1423 :: 		
0x01AA	0x360C      	RLCF        R12, 1, 0
;__Lib_MathDouble.c,1424 :: 		
0x01AC	0x3608      	RLCF        R8, 1, 0
;__Lib_MathDouble.c,1425 :: 		
0x01AE	0x3600      	RLCF        R0, 1, 0
;__Lib_MathDouble.c,1426 :: 		
0x01B0	0x3601      	RLCF        R1, 1, 0
;__Lib_MathDouble.c,1427 :: 		
0x01B2	0x3602      	RLCF        R2, 1, 0
;__Lib_MathDouble.c,1428 :: 		
0x01B4	0x360E      	RLCF        R14, 1, 0
;__Lib_MathDouble.c,1430 :: 		
0x01B6	0x5004      	MOVF        R4, 0, 0
;__Lib_MathDouble.c,1431 :: 		
0x01B8	0x5E00      	SUBWF       R0, 1, 0
;__Lib_MathDouble.c,1432 :: 		
0x01BA	0x5005      	MOVF        R5, 0, 0
;__Lib_MathDouble.c,1433 :: 		
0x01BC	0xA0D8      	BTFSS       STATUS, 0, 0
;__Lib_MathDouble.c,1434 :: 		
0x01BE	0x3C05      	INCFSZ      R5, 0, 0
;__Lib_MathDouble.c,1436 :: 		
0x01C0	0x5E01      	SUBWF       R1, 1, 0
;__Lib_MathDouble.c,1437 :: 		
0x01C2	0x5006      	MOVF        R6, 0, 0
;__Lib_MathDouble.c,1438 :: 		
0x01C4	0xA0D8      	BTFSS       STATUS, 0, 0
;__Lib_MathDouble.c,1439 :: 		
0x01C6	0x3C06      	INCFSZ      R6, 0, 0
;__Lib_MathDouble.c,1441 :: 		
0x01C8	0x5E02      	SUBWF       R2, 1, 0
;__Lib_MathDouble.c,1442 :: 		
0x01CA	0x3406      	RLCF        R6, 0, 0
;__Lib_MathDouble.c,1443 :: 		
0x01CC	0x120E      	IORWF       R14, 1, 0
;__Lib_MathDouble.c,1444 :: 		
0x01CE	0xA00E      	BTFSS       R14, 0, 0
;__Lib_MathDouble.c,1445 :: 		
0x01D0	0xF000EFED  	GOTO        DREST32
;__Lib_MathDouble.c,1446 :: 		
0x01D4	0x800D      	BSF         R13, 0, 0
;__Lib_MathDouble.c,1447 :: 		
0x01D6	0xF000EFF8  	GOTO        DOK32
;__Lib_MathDouble.c,1448 :: 		
DREST32:
;__Lib_MathDouble.c,1449 :: 		
0x01DA	0x5004      	MOVF        R4, 0, 0
;__Lib_MathDouble.c,1450 :: 		
0x01DC	0x2600      	ADDWF       R0, 1, 0
;__Lib_MathDouble.c,1451 :: 		
0x01DE	0x5005      	MOVF        R5, 0, 0
;__Lib_MathDouble.c,1452 :: 		
0x01E0	0xB0D8      	BTFSC       STATUS, 0, 0
;__Lib_MathDouble.c,1453 :: 		
0x01E2	0x3C05      	INCFSZ      R5, 0, 0
;__Lib_MathDouble.c,1455 :: 		
0x01E4	0x2601      	ADDWF       R1, 1, 0
;__Lib_MathDouble.c,1456 :: 		
0x01E6	0x5006      	MOVF        R6, 0, 0
;__Lib_MathDouble.c,1457 :: 		
0x01E8	0xB0D8      	BTFSC       STATUS, 0, 0
;__Lib_MathDouble.c,1458 :: 		
0x01EA	0x2806      	INCF        R6, 0, 0
;__Lib_MathDouble.c,1459 :: 		
0x01EC	0x2602      	ADDWF       R2, 1, 0
;__Lib_MathDouble.c,1460 :: 		
0x01EE	0x900D      	BCF         R13, 0, 0
;__Lib_MathDouble.c,1461 :: 		
DOK32:
;__Lib_MathDouble.c,1462 :: 		
0x01F0	0x2E0B      	DECFSZ      R11, 1, 0
;__Lib_MathDouble.c,1463 :: 		
0x01F2	0xF000EFD4  	GOTO        DLOOP32
;__Lib_MathDouble.c,1467 :: 		
0x01F6	0xF001EF1E  	GOTO        DIV32OK
;__Lib_MathDouble.c,1468 :: 		
0x01FA	0x90D8      	BCF         STATUS, 0, 0
;__Lib_MathDouble.c,1469 :: 		
0x01FC	0x3600      	RLCF        R0, 1, 0
;__Lib_MathDouble.c,1470 :: 		
0x01FE	0x3601      	RLCF        R1, 1, 0
;__Lib_MathDouble.c,1471 :: 		
0x0200	0x3602      	RLCF        R2, 1, 0
;__Lib_MathDouble.c,1472 :: 		
0x0202	0x360E      	RLCF        R14, 1, 0
;__Lib_MathDouble.c,1474 :: 		
0x0204	0x5004      	MOVF        R4, 0, 0
;__Lib_MathDouble.c,1475 :: 		
0x0206	0x5E00      	SUBWF       R0, 1, 0
;__Lib_MathDouble.c,1476 :: 		
0x0208	0x5005      	MOVF        R5, 0, 0
;__Lib_MathDouble.c,1477 :: 		
0x020A	0xA0D8      	BTFSS       STATUS, 0, 0
;__Lib_MathDouble.c,1478 :: 		
0x020C	0x3C05      	INCFSZ      R5, 0, 0
;__Lib_MathDouble.c,1479 :: 		
0x020E	0x5E01      	SUBWF       R1, 1, 0
;__Lib_MathDouble.c,1480 :: 		
0x0210	0x5006      	MOVF        R6, 0, 0
;__Lib_MathDouble.c,1481 :: 		
0x0212	0xA0D8      	BTFSS       STATUS, 0, 0
;__Lib_MathDouble.c,1482 :: 		
0x0214	0x3C06      	INCFSZ      R6, 0, 0
;__Lib_MathDouble.c,1483 :: 		
0x0216	0x5E02      	SUBWF       R2, 1, 0
;__Lib_MathDouble.c,1484 :: 		
0x0218	0x3406      	RLCF        R6, 0, 0
;__Lib_MathDouble.c,1485 :: 		
0x021A	0x100E      	IORWF       R14, 0, 0
;__Lib_MathDouble.c,1486 :: 		
0x021C	0x0B01      	ANDLW       1
;__Lib_MathDouble.c,1487 :: 		
0x021E	0x260D      	ADDWF       R13, 1, 0
;__Lib_MathDouble.c,1488 :: 		
0x0220	0xB0D8      	BTFSC       STATUS, 0, 0
;__Lib_MathDouble.c,1489 :: 		
0x0222	0x2A0C      	INCF        R12, 1, 0
;__Lib_MathDouble.c,1490 :: 		
0x0224	0xB4D8      	BTFSC       STATUS, 2, 0
;__Lib_MathDouble.c,1491 :: 		
0x0226	0x2A08      	INCF        R8, 1, 0
;__Lib_MathDouble.c,1492 :: 		
0x0228	0xA4D8      	BTFSS       STATUS, 2, 0
;__Lib_MathDouble.c,1493 :: 		
0x022A	0xF001EF1E  	GOTO        DIV32OK
;__Lib_MathDouble.c,1494 :: 		
0x022E	0x3208      	RRCF        R8, 1, 0
;__Lib_MathDouble.c,1495 :: 		
0x0230	0x320C      	RRCF        R12, 1, 0
;__Lib_MathDouble.c,1496 :: 		
0x0232	0x320D      	RRCF        R13, 1, 0
;__Lib_MathDouble.c,1497 :: 		
0x0234	0x2A03      	INCF        R3, 1, 0
;__Lib_MathDouble.c,1498 :: 		
0x0236	0xB4D8      	BTFSC       STATUS, 2, 0
;__Lib_MathDouble.c,1499 :: 		
0x0238	0xF001EF30  	GOTO        JPDSETFOV32
;__Lib_MathDouble.c,1500 :: 		
DIV32OK:
;__Lib_MathDouble.c,1501 :: 		
0x023C	0xAE0A      	BTFSS       R10, 7, 0
;__Lib_MathDouble.c,1502 :: 		
0x023E	0x9E08      	BCF         R8, 7, 0
;__Lib_MathDouble.c,1503 :: 		
0x0240	0x5008      	MOVF        R8, 0, 0
;__Lib_MathDouble.c,1504 :: 		
0x0242	0x6E02      	MOVWF       R2, 0
;__Lib_MathDouble.c,1505 :: 		
0x0244	0x500C      	MOVF        R12, 0, 0
;__Lib_MathDouble.c,1506 :: 		
0x0246	0x6E01      	MOVWF       R1, 0
;__Lib_MathDouble.c,1507 :: 		
0x0248	0x500D      	MOVF        R13, 0, 0
;__Lib_MathDouble.c,1508 :: 		
0x024A	0x6E00      	MOVWF       R0, 0
;__Lib_MathDouble.c,1511 :: 		
0x024C	0xF001EF36  	GOTO        DIV32EEE
;__Lib_MathDouble.c,1512 :: 		
JPDSETFDZ32:
;__Lib_MathDouble.c,1513 :: 		
0x0250	0x0E01      	MOVLW       1
;__Lib_MathDouble.c,1516 :: 		
0x0252	0xDF4F      	RCALL       _SETFDZ32
;__Lib_MathDouble.c,1518 :: 		
0x0254	0xF001EF36  	GOTO        DIV32EEE
;__Lib_MathDouble.c,1519 :: 		
JPDRES032:
;__Lib_MathDouble.c,1520 :: 		
0x0258	0x0E02      	MOVLW       2
;__Lib_MathDouble.c,1523 :: 		
0x025A	0xDEF1      	RCALL       _RES032
;__Lib_MathDouble.c,1525 :: 		
0x025C	0xF001EF36  	GOTO        DIV32EEE
;__Lib_MathDouble.c,1526 :: 		
JPDSETFOV32:
;__Lib_MathDouble.c,1527 :: 		
0x0260	0x0E04      	MOVLW       4
;__Lib_MathDouble.c,1530 :: 		
0x0262	0xDF3B      	RCALL       _SETFOV32
;__Lib_MathDouble.c,1532 :: 		
0x0264	0xF001EF36  	GOTO        DIV32EEE
;__Lib_MathDouble.c,1533 :: 		
JPDSETFUN32:
;__Lib_MathDouble.c,1534 :: 		
0x0268	0x0E08      	MOVLW       8
;__Lib_MathDouble.c,1537 :: 		
0x026A	0xDEDC      	RCALL       _SETFUN32
;__Lib_MathDouble.c,1539 :: 		
DIV32EEE:
;__Lib_MathDouble.c,1547 :: 		
L_end_Div_32x32_FP:
0x026C	0x0012      	RETURN      0
; end of _Div_32x32_FP
_Mul_32x32_FP:
;__Lib_MathDouble.c,1130 :: 		
;__Lib_MathDouble.c,1148 :: 		
0x026E	0x6A08      	CLRF        R8, 0
;__Lib_MathDouble.c,1149 :: 		
0x0270	0x6A09      	CLRF        R9, 0
;__Lib_MathDouble.c,1151 :: 		
0x0272	0x0E00      	MOVLW       0
;__Lib_MathDouble.c,1152 :: 		
0x0274	0x6207      	CPFSEQ      R7, 0
;__Lib_MathDouble.c,1153 :: 		
0x0276	0x6403      	CPFSGT      R3, 0
;__Lib_MathDouble.c,1154 :: 		
0x0278	0xF001EFBC  	GOTO        MULJPRES032
;__Lib_MathDouble.c,1157 :: 		
0x027C	0x5002      	MOVF        R2, 0, 0
;__Lib_MathDouble.c,1158 :: 		
0x027E	0x1806      	XORWF       R6, 0, 0
;__Lib_MathDouble.c,1159 :: 		
0x0280	0x6E0A      	MOVWF       R10, 0
;__Lib_MathDouble.c,1161 :: 		
0x0282	0x5007      	MOVF        R7, 0, 0
;__Lib_MathDouble.c,1162 :: 		
0x0284	0x2603      	ADDWF       R3, 1, 0
;__Lib_MathDouble.c,1163 :: 		
0x0286	0x0E7E      	MOVLW       126
;__Lib_MathDouble.c,1164 :: 		
0x0288	0xA0D8      	BTFSS       STATUS, 0, 0
;__Lib_MathDouble.c,1165 :: 		
0x028A	0xF001EF4D  	GOTO        MTUN32
;__Lib_MathDouble.c,1167 :: 		
0x028E	0x5E03      	SUBWF       R3, 1, 0
;__Lib_MathDouble.c,1168 :: 		
0x0290	0xB0D8      	BTFSC       STATUS, 0, 0
;__Lib_MathDouble.c,1169 :: 		
0x0292	0xF001EFC0  	GOTO        MULJPSETFOV32
;__Lib_MathDouble.c,1170 :: 		
0x0296	0xF001EF51  	GOTO        MOK32
;__Lib_MathDouble.c,1172 :: 		
MTUN32:
;__Lib_MathDouble.c,1173 :: 		
0x029A	0x5E03      	SUBWF       R3, 1, 0
;__Lib_MathDouble.c,1174 :: 		
0x029C	0xA0D8      	BTFSS       STATUS, 0, 0
;__Lib_MathDouble.c,1175 :: 		
0x029E	0xF001EFC4  	GOTO        MULJPSETFUN32
;__Lib_MathDouble.c,1177 :: 		
MOK32:
;__Lib_MathDouble.c,1178 :: 		
0x02A2	0x8E02      	BSF         R2, 7, 0
;__Lib_MathDouble.c,1179 :: 		
0x02A4	0x8E06      	BSF         R6, 7, 0
;__Lib_MathDouble.c,1181 :: 		
0x02A6	0xF00EC002  	MOVFF       R2, R14
;__Lib_MathDouble.c,1182 :: 		
0x02AA	0xF00BC001  	MOVFF       R1, R11
;__Lib_MathDouble.c,1183 :: 		
0x02AE	0xF00DC000  	MOVFF       R0, R13
;__Lib_MathDouble.c,1185 :: 		
0x02B2	0x5000      	MOVF        R0, 0, 0
;__Lib_MathDouble.c,1186 :: 		
0x02B4	0x0204      	MULWF       R4, 0
;__Lib_MathDouble.c,1187 :: 		
0x02B6	0xF00CCFF4  	MOVFF       PRODH, R12
;__Lib_MathDouble.c,1189 :: 		
0x02BA	0x5001      	MOVF        R1, 0, 0
;__Lib_MathDouble.c,1190 :: 		
0x02BC	0x0205      	MULWF       R5, 0
;__Lib_MathDouble.c,1191 :: 		
0x02BE	0xF000CFF4  	MOVFF       PRODH, R0
;__Lib_MathDouble.c,1192 :: 		
0x02C2	0xF008CFF3  	MOVFF       PRODL, R8
;__Lib_MathDouble.c,1194 :: 		
0x02C6	0x0204      	MULWF       R4, 0
;__Lib_MathDouble.c,1195 :: 		
0x02C8	0x50F3      	MOVF        PRODL, 0, 0
;__Lib_MathDouble.c,1196 :: 		
0x02CA	0x260C      	ADDWF       R12, 1, 0
;__Lib_MathDouble.c,1197 :: 		
0x02CC	0x50F4      	MOVF        PRODH, 0, 0
;__Lib_MathDouble.c,1198 :: 		
0x02CE	0x2208      	ADDWFC      R8, 1, 0
;__Lib_MathDouble.c,1199 :: 		
0x02D0	0x0E00      	MOVLW       0
;__Lib_MathDouble.c,1200 :: 		
0x02D2	0x2200      	ADDWFC      R0, 1, 0
;__Lib_MathDouble.c,1202 :: 		
0x02D4	0x500D      	MOVF        R13, 0, 0
;__Lib_MathDouble.c,1203 :: 		
0x02D6	0x0205      	MULWF       R5, 0
;__Lib_MathDouble.c,1204 :: 		
0x02D8	0x50F3      	MOVF        PRODL, 0, 0
;__Lib_MathDouble.c,1205 :: 		
0x02DA	0x260C      	ADDWF       R12, 1, 0
;__Lib_MathDouble.c,1206 :: 		
0x02DC	0x50F4      	MOVF        PRODH, 0, 0
;__Lib_MathDouble.c,1207 :: 		
0x02DE	0x2208      	ADDWFC      R8, 1, 0
;__Lib_MathDouble.c,1208 :: 		
0x02E0	0x0E00      	MOVLW       0
;__Lib_MathDouble.c,1209 :: 		
0x02E2	0x2200      	ADDWFC      R0, 1, 0
;__Lib_MathDouble.c,1211 :: 		
0x02E4	0x5002      	MOVF        R2, 0, 0
;__Lib_MathDouble.c,1212 :: 		
0x02E6	0x0204      	MULWF       R4, 0
;__Lib_MathDouble.c,1213 :: 		
0x02E8	0x50F3      	MOVF        PRODL, 0, 0
;__Lib_MathDouble.c,1214 :: 		
0x02EA	0x2608      	ADDWF       R8, 1, 0
;__Lib_MathDouble.c,1215 :: 		
0x02EC	0x50F4      	MOVF        PRODH, 0, 0
;__Lib_MathDouble.c,1216 :: 		
0x02EE	0x2200      	ADDWFC      R0, 1, 0
;__Lib_MathDouble.c,1217 :: 		
0x02F0	0x5002      	MOVF        R2, 0, 0
;__Lib_MathDouble.c,1218 :: 		
0x02F2	0x0205      	MULWF       R5, 0
;__Lib_MathDouble.c,1219 :: 		
0x02F4	0x6A01      	CLRF        R1, 0
;__Lib_MathDouble.c,1220 :: 		
0x02F6	0x0E00      	MOVLW       0
;__Lib_MathDouble.c,1221 :: 		
0x02F8	0x2201      	ADDWFC      R1, 1, 0
;__Lib_MathDouble.c,1222 :: 		
0x02FA	0x50F3      	MOVF        PRODL, 0, 0
;__Lib_MathDouble.c,1223 :: 		
0x02FC	0x2600      	ADDWF       R0, 1, 0
;__Lib_MathDouble.c,1224 :: 		
0x02FE	0x50F4      	MOVF        PRODH, 0, 0
;__Lib_MathDouble.c,1225 :: 		
0x0300	0x2201      	ADDWFC      R1, 1, 0
;__Lib_MathDouble.c,1227 :: 		
0x0302	0x500D      	MOVF        R13, 0, 0
;__Lib_MathDouble.c,1228 :: 		
0x0304	0x0206      	MULWF       R6, 0
;__Lib_MathDouble.c,1229 :: 		
0x0306	0x50F3      	MOVF        PRODL, 0, 0
;__Lib_MathDouble.c,1230 :: 		
0x0308	0x2608      	ADDWF       R8, 1, 0
;__Lib_MathDouble.c,1231 :: 		
0x030A	0x50F4      	MOVF        PRODH, 0, 0
;__Lib_MathDouble.c,1232 :: 		
0x030C	0x2200      	ADDWFC      R0, 1, 0
;__Lib_MathDouble.c,1233 :: 		
0x030E	0x6A02      	CLRF        R2, 0
;__Lib_MathDouble.c,1234 :: 		
0x0310	0x0E00      	MOVLW       0
;__Lib_MathDouble.c,1235 :: 		
0x0312	0x2201      	ADDWFC      R1, 1, 0
;__Lib_MathDouble.c,1236 :: 		
0x0314	0x2202      	ADDWFC      R2, 1, 0
;__Lib_MathDouble.c,1238 :: 		
0x0316	0x500B      	MOVF        R11, 0, 0
;__Lib_MathDouble.c,1239 :: 		
0x0318	0x0206      	MULWF       R6, 0
;__Lib_MathDouble.c,1240 :: 		
0x031A	0x50F3      	MOVF        PRODL, 0, 0
;__Lib_MathDouble.c,1241 :: 		
0x031C	0x2600      	ADDWF       R0, 1, 0
;__Lib_MathDouble.c,1242 :: 		
0x031E	0x50F4      	MOVF        PRODH, 0, 0
;__Lib_MathDouble.c,1243 :: 		
0x0320	0x2201      	ADDWFC      R1, 1, 0
;__Lib_MathDouble.c,1244 :: 		
0x0322	0x0E00      	MOVLW       0
;__Lib_MathDouble.c,1245 :: 		
0x0324	0x2202      	ADDWFC      R2, 1, 0
;__Lib_MathDouble.c,1247 :: 		
0x0326	0x500E      	MOVF        R14, 0, 0
;__Lib_MathDouble.c,1248 :: 		
0x0328	0x0206      	MULWF       R6, 0
;__Lib_MathDouble.c,1249 :: 		
0x032A	0x50F3      	MOVF        PRODL, 0, 0
;__Lib_MathDouble.c,1250 :: 		
0x032C	0x2601      	ADDWF       R1, 1, 0
;__Lib_MathDouble.c,1251 :: 		
0x032E	0x50F4      	MOVF        PRODH, 0, 0
;__Lib_MathDouble.c,1252 :: 		
0x0330	0x2202      	ADDWFC      R2, 1, 0
;__Lib_MathDouble.c,1254 :: 		
0x0332	0xBE02      	BTFSC       R2, 7, 0
;__Lib_MathDouble.c,1255 :: 		
0x0334	0xF001EFA4  	GOTO        MROUND32
;__Lib_MathDouble.c,1256 :: 		
0x0338	0x3608      	RLCF        R8, 1, 0
;__Lib_MathDouble.c,1257 :: 		
0x033A	0x3600      	RLCF        R0, 1, 0
;__Lib_MathDouble.c,1258 :: 		
0x033C	0x3601      	RLCF        R1, 1, 0
;__Lib_MathDouble.c,1259 :: 		
0x033E	0x3602      	RLCF        R2, 1, 0
;__Lib_MathDouble.c,1260 :: 		
0x0340	0x0603      	DECF        R3, 1, 0
;__Lib_MathDouble.c,1261 :: 		
0x0342	0xB4D8      	BTFSC       STATUS, 2, 0
;__Lib_MathDouble.c,1262 :: 		
0x0344	0xF001EFC4  	GOTO        MULJPSETFUN32
;__Lib_MathDouble.c,1264 :: 		
MROUND32:
;__Lib_MathDouble.c,1267 :: 		
0x0348	0xF001EFB7  	GOTO        MUL32OK
;__Lib_MathDouble.c,1268 :: 		
0x034C	0x80D8      	BSF         STATUS, 0, 0
;__Lib_MathDouble.c,1269 :: 		
0x034E	0x0E80      	MOVLW       128
;__Lib_MathDouble.c,1270 :: 		
0x0350	0x6408      	CPFSGT      R8, 0
;__Lib_MathDouble.c,1271 :: 		
0x0352	0x3000      	RRCF        R0, 0, 0
;__Lib_MathDouble.c,1272 :: 		
0x0354	0x0E00      	MOVLW       0
;__Lib_MathDouble.c,1273 :: 		
0x0356	0x2200      	ADDWFC      R0, 1, 0
;__Lib_MathDouble.c,1274 :: 		
0x0358	0x2201      	ADDWFC      R1, 1, 0
;__Lib_MathDouble.c,1275 :: 		
0x035A	0x2202      	ADDWFC      R2, 1, 0
;__Lib_MathDouble.c,1277 :: 		
0x035C	0xA0D8      	BTFSS       STATUS, 0, 0
;__Lib_MathDouble.c,1278 :: 		
0x035E	0xF001EFB7  	GOTO        MUL32OK
;__Lib_MathDouble.c,1279 :: 		
0x0362	0x3202      	RRCF        R2, 1, 0
;__Lib_MathDouble.c,1280 :: 		
0x0364	0x3201      	RRCF        R1, 1, 0
;__Lib_MathDouble.c,1281 :: 		
0x0366	0x3200      	RRCF        R0, 1, 0
;__Lib_MathDouble.c,1282 :: 		
0x0368	0x4A03      	INFSNZ      R3, 1, 0
;__Lib_MathDouble.c,1283 :: 		
0x036A	0xF001EFC0  	GOTO        MULJPSETFOV32
;__Lib_MathDouble.c,1285 :: 		
MUL32OK:
;__Lib_MathDouble.c,1286 :: 		
0x036E	0xAE0A      	BTFSS       R10, 7, 0
;__Lib_MathDouble.c,1287 :: 		
0x0370	0x9E02      	BCF         R2, 7, 0
;__Lib_MathDouble.c,1289 :: 		
0x0372	0x0E00      	MOVLW       0
;__Lib_MathDouble.c,1290 :: 		
0x0374	0xF001EFC6  	GOTO        MULEEE
;__Lib_MathDouble.c,1291 :: 		
MULJPRES032:
;__Lib_MathDouble.c,1292 :: 		
0x0378	0x0E01      	MOVLW       1
;__Lib_MathDouble.c,1295 :: 		
0x037A	0xDE61      	RCALL       _RES032
;__Lib_MathDouble.c,1297 :: 		
0x037C	0xF001EFC6  	GOTO        MULEEE
;__Lib_MathDouble.c,1298 :: 		
MULJPSETFOV32:
;__Lib_MathDouble.c,1299 :: 		
0x0380	0x0E02      	MOVLW       2
;__Lib_MathDouble.c,1302 :: 		
0x0382	0xDEAB      	RCALL       _SETFOV32
;__Lib_MathDouble.c,1304 :: 		
0x0384	0xF001EFC6  	GOTO        MULEEE
;__Lib_MathDouble.c,1305 :: 		
MULJPSETFUN32:
;__Lib_MathDouble.c,1306 :: 		
0x0388	0x0E04      	MOVLW       4
;__Lib_MathDouble.c,1309 :: 		
0x038A	0xDE4C      	RCALL       _SETFUN32
;__Lib_MathDouble.c,1311 :: 		
MULEEE:
;__Lib_MathDouble.c,1318 :: 		
L_end_Mul_32x32_FP:
0x038C	0x0012      	RETURN      0
; end of _Mul_32x32_FP
_int2double:
;__Lib_MathDouble.c,2285 :: 		
;__Lib_MathDouble.c,2294 :: 		
0x038E	0xF008C000  	MOVFF       R0, R8
;__Lib_MathDouble.c,2295 :: 		
0x0392	0x5001      	MOVF        R1, 0, 0
;__Lib_MathDouble.c,2296 :: 		
0x0394	0x6E00      	MOVWF       R0, 0
;__Lib_MathDouble.c,2297 :: 		
0x0396	0x6A01      	CLRF        R1, 0
;__Lib_MathDouble.c,2298 :: 		
0x0398	0x6A02      	CLRF        R2, 0
;__Lib_MathDouble.c,2299 :: 		
0x039A	0x6A03      	CLRF        R3, 0
;__Lib_MathDouble.c,2302 :: 		
0x039C	0x6A0B      	CLRF        R11, 0
;__Lib_MathDouble.c,2303 :: 		
0x039E	0x6A0C      	CLRF        R12, 0
;__Lib_MathDouble.c,2304 :: 		
0x03A0	0x6A01      	CLRF        R1, 0
;__Lib_MathDouble.c,2305 :: 		
0x03A2	0x6A02      	CLRF        R2, 0
;__Lib_MathDouble.c,2306 :: 		
0x03A4	0x6A03      	CLRF        R3, 0
;__Lib_MathDouble.c,2308 :: 		
0x03A6	0x0E96      	MOVLW       150
;__Lib_MathDouble.c,2309 :: 		
0x03A8	0x6E03      	MOVWF       R3, 0
;__Lib_MathDouble.c,2310 :: 		
0x03AA	0x6A0A      	CLRF        R10, 0
;__Lib_MathDouble.c,2311 :: 		
0x03AC	0xAE00      	BTFSS       R0, 7, 0
;__Lib_MathDouble.c,2312 :: 		
0x03AE	0xF001EFDF  	GOTO        FLO1632EEE
;__Lib_MathDouble.c,2314 :: 		
0x03B2	0x1E08      	COMF        R8, 1, 0
;__Lib_MathDouble.c,2315 :: 		
0x03B4	0x1E00      	COMF        R0, 1, 0
;__Lib_MathDouble.c,2317 :: 		
0x03B6	0x2A08      	INCF        R8, 1, 0
;__Lib_MathDouble.c,2318 :: 		
0x03B8	0xB4D8      	BTFSC       STATUS, 2, 0
;__Lib_MathDouble.c,2319 :: 		
0x03BA	0x2A00      	INCF        R0, 1, 0
;__Lib_MathDouble.c,2321 :: 		
0x03BC	0x8E0A      	BSF         R10, 7, 0
;__Lib_MathDouble.c,2322 :: 		
FLO1632EEE:
;__Lib_MathDouble.c,2323 :: 		
0x03BE	0xF001C000  	MOVFF       R0, R1
;__Lib_MathDouble.c,2324 :: 		
0x03C2	0xF000C008  	MOVFF       R8, R0
;__Lib_MathDouble.c,2325 :: 		
0x03C6	0x6A08      	CLRF        R8, 0
;__Lib_MathDouble.c,2326 :: 		
0x03C8	0x6A02      	CLRF        R2, 0
;__Lib_MathDouble.c,2328 :: 		
0x03CA	0xDE40      	RCALL       _NRM3232
;__Lib_MathDouble.c,2329 :: 		
L_end_int2double:
0x03CC	0x0012      	RETURN      0
; end of _int2double
_double2int:
;__Lib_MathDouble.c,1897 :: 		
;__Lib_MathDouble.c,1906 :: 		
0x03CE	0x6A0B      	CLRF        R11, 0
;__Lib_MathDouble.c,1907 :: 		
0x03D0	0x5003      	MOVF        R3, 0, 0
;__Lib_MathDouble.c,1908 :: 		
0x03D2	0xB4D8      	BTFSC       STATUS, 2, 0
;__Lib_MathDouble.c,1909 :: 		
0x03D4	0xF002EF2D  	GOTO        IRES016
;__Lib_MathDouble.c,1910 :: 		
0x03D8	0x5002      	MOVF        R2, 0, 0
;__Lib_MathDouble.c,1911 :: 		
0x03DA	0x6E0A      	MOVWF       R10, 0
;__Lib_MathDouble.c,1912 :: 		
0x03DC	0x8E02      	BSF         R2, 7, 0
;__Lib_MathDouble.c,1914 :: 		
0x03DE	0x0E8E      	MOVLW       142
;__Lib_MathDouble.c,1915 :: 		
0x03E0	0x5E03      	SUBWF       R3, 1, 0
;__Lib_MathDouble.c,1916 :: 		
0x03E2	0xAE03      	BTFSS       R3, 7, 0
;__Lib_MathDouble.c,1917 :: 		
0x03E4	0xF002EF31  	GOTO        SETIOV16
;__Lib_MathDouble.c,1918 :: 		
0x03E8	0x6C03      	NEGF        R3, 0
;__Lib_MathDouble.c,1920 :: 		
0x03EA	0x0E08      	MOVLW       8
;__Lib_MathDouble.c,1921 :: 		
0x03EC	0x5C03      	SUBWF       R3, 0, 0
;__Lib_MathDouble.c,1922 :: 		
0x03EE	0xA0D8      	BTFSS       STATUS, 0, 0
;__Lib_MathDouble.c,1923 :: 		
0x03F0	0xF002EF0C  	GOTO        TSHIFT3216
;__Lib_MathDouble.c,1924 :: 		
0x03F4	0x6E03      	MOVWF       R3, 0
;__Lib_MathDouble.c,1925 :: 		
0x03F6	0x3601      	RLCF        R1, 1, 0
;__Lib_MathDouble.c,1926 :: 		
0x03F8	0xF001C002  	MOVFF       R2, R1
;__Lib_MathDouble.c,1927 :: 		
0x03FC	0x6A02      	CLRF        R2, 0
;__Lib_MathDouble.c,1929 :: 		
0x03FE	0x0E08      	MOVLW       8
;__Lib_MathDouble.c,1930 :: 		
0x0400	0x5C03      	SUBWF       R3, 0, 0
;__Lib_MathDouble.c,1931 :: 		
0x0402	0xA0D8      	BTFSS       STATUS, 0, 0
;__Lib_MathDouble.c,1932 :: 		
0x0404	0xF002EF0C  	GOTO        TSHIFT3216
;__Lib_MathDouble.c,1933 :: 		
0x0408	0x6E03      	MOVWF       R3, 0
;__Lib_MathDouble.c,1934 :: 		
0x040A	0x3601      	RLCF        R1, 1, 0
;__Lib_MathDouble.c,1935 :: 		
0x040C	0x6A01      	CLRF        R1, 0
;__Lib_MathDouble.c,1937 :: 		
0x040E	0x5003      	MOVF        R3, 0, 0
;__Lib_MathDouble.c,1938 :: 		
0x0410	0xA4D8      	BTFSS       STATUS, 2, 0
;__Lib_MathDouble.c,1939 :: 		
0x0412	0x90D8      	BCF         STATUS, 0, 0
;__Lib_MathDouble.c,1940 :: 		
0x0414	0xF002EF16  	GOTO        SHIFT3216OK
;__Lib_MathDouble.c,1941 :: 		
TSHIFT3216:
;__Lib_MathDouble.c,1942 :: 		
0x0418	0x5003      	MOVF        R3, 0, 0
;__Lib_MathDouble.c,1943 :: 		
0x041A	0xB4D8      	BTFSC       STATUS, 2, 0
;__Lib_MathDouble.c,1944 :: 		
0x041C	0xF002EF16  	GOTO        SHIFT3216OK
;__Lib_MathDouble.c,1945 :: 		
SHIFT3216:
;__Lib_MathDouble.c,1946 :: 		
0x0420	0x90D8      	BCF         STATUS, 0, 0
;__Lib_MathDouble.c,1947 :: 		
0x0422	0x3202      	RRCF        R2, 1, 0
;__Lib_MathDouble.c,1948 :: 		
0x0424	0x3201      	RRCF        R1, 1, 0
;__Lib_MathDouble.c,1949 :: 		
0x0426	0x2E03      	DECFSZ      R3, 1, 0
;__Lib_MathDouble.c,1950 :: 		
0x0428	0xF002EF10  	GOTO        SHIFT3216
;__Lib_MathDouble.c,1951 :: 		
SHIFT3216OK:
;__Lib_MathDouble.c,1952 :: 		
0x042C	0xBC0B      	BTFSC       R11, 6, 0
;__Lib_MathDouble.c,1953 :: 		
0x042E	0xA001      	BTFSS       R1, 0, 0
;__Lib_MathDouble.c,1954 :: 		
0x0430	0xF002EF23  	GOTO        INT3216OK
;__Lib_MathDouble.c,1955 :: 		
0x0434	0xA0D8      	BTFSS       STATUS, 0, 0
;__Lib_MathDouble.c,1956 :: 		
0x0436	0xF002EF23  	GOTO        INT3216OK
;__Lib_MathDouble.c,1957 :: 		
0x043A	0x2A01      	INCF        R1, 1, 0
;__Lib_MathDouble.c,1958 :: 		
0x043C	0xB4D8      	BTFSC       STATUS, 2, 0
;__Lib_MathDouble.c,1959 :: 		
0x043E	0x2A02      	INCF        R2, 1, 0
;__Lib_MathDouble.c,1960 :: 		
0x0440	0xBE02      	BTFSC       R2, 7, 0
;__Lib_MathDouble.c,1961 :: 		
0x0442	0xF002EF40  	GOTO        JPJSETIOV3224
;__Lib_MathDouble.c,1962 :: 		
INT3216OK:
;__Lib_MathDouble.c,1963 :: 		
0x0446	0xAE0A      	BTFSS       R10, 7, 0
;__Lib_MathDouble.c,1964 :: 		
0x0448	0xF002EF45  	GOTO        INT3216EOK
;__Lib_MathDouble.c,1966 :: 		
0x044C	0x1E02      	COMF        R2, 1, 0
;__Lib_MathDouble.c,1967 :: 		
0x044E	0x1E01      	COMF        R1, 1, 0
;__Lib_MathDouble.c,1968 :: 		
0x0450	0x2A01      	INCF        R1, 1, 0
;__Lib_MathDouble.c,1969 :: 		
0x0452	0xB4D8      	BTFSC       STATUS, 2, 0
;__Lib_MathDouble.c,1970 :: 		
0x0454	0x2A02      	INCF        R2, 1, 0
;__Lib_MathDouble.c,1971 :: 		
0x0456	0xF002EF45  	GOTO        INT3216EOK
;__Lib_MathDouble.c,1973 :: 		
IRES016:
;__Lib_MathDouble.c,1974 :: 		
0x045A	0x6A02      	CLRF        R2, 0
;__Lib_MathDouble.c,1975 :: 		
0x045C	0x6A01      	CLRF        R1, 0
;__Lib_MathDouble.c,1976 :: 		
0x045E	0xF002EF45  	GOTO        INT3216EOK
;__Lib_MathDouble.c,1977 :: 		
SETIOV16:
;__Lib_MathDouble.c,1978 :: 		
0x0462	0x800B      	BSF         R11, 0, 0
;__Lib_MathDouble.c,1979 :: 		
0x0464	0xAE0B      	BTFSS       R11, 7, 0
;__Lib_MathDouble.c,1980 :: 		
0x0466	0xF002EF49  	GOTO        INT3216EER
;__Lib_MathDouble.c,1982 :: 		
0x046A	0x6A02      	CLRF        R2, 0
;__Lib_MathDouble.c,1983 :: 		
0x046C	0xAE0A      	BTFSS       R10, 7, 0
;__Lib_MathDouble.c,1984 :: 		
0x046E	0xF002EF49  	GOTO        INT3216EER
;__Lib_MathDouble.c,1985 :: 		
0x0472	0x0EFF      	MOVLW       255
;__Lib_MathDouble.c,1986 :: 		
0x0474	0x6E02      	MOVWF       R2, 0
;__Lib_MathDouble.c,1987 :: 		
0x0476	0x6E01      	MOVWF       R1, 0
;__Lib_MathDouble.c,1988 :: 		
0x0478	0x360A      	RLCF        R10, 1, 0
;__Lib_MathDouble.c,1989 :: 		
0x047A	0x3202      	RRCF        R2, 1, 0
;__Lib_MathDouble.c,1990 :: 		
0x047C	0xF002EF49  	GOTO        INT3216EER
;__Lib_MathDouble.c,1992 :: 		
JPJSETIOV3224:
;__Lib_MathDouble.c,1993 :: 		
0x0480	0x0E01      	MOVLW       1
;__Lib_MathDouble.c,1994 :: 		
0x0482	0x6E0C      	MOVWF       R12, 0
;__Lib_MathDouble.c,1996 :: 		
0x0484	0xDE1C      	RCALL       _SETIOV3224
;__Lib_MathDouble.c,1998 :: 		
0x0486	0xF002EF4B  	GOTO        INT3216EEE
;__Lib_MathDouble.c,1999 :: 		
INT3216EOK:
;__Lib_MathDouble.c,2000 :: 		
0x048A	0x0E00      	MOVLW       0
;__Lib_MathDouble.c,2001 :: 		
0x048C	0x6E0C      	MOVWF       R12, 0
;__Lib_MathDouble.c,2002 :: 		
0x048E	0xF002EF4B  	GOTO        INT3216EEE
;__Lib_MathDouble.c,2003 :: 		
INT3216EER:
;__Lib_MathDouble.c,2004 :: 		
0x0492	0x0EFF      	MOVLW       255
;__Lib_MathDouble.c,2005 :: 		
0x0494	0x6E0C      	MOVWF       R12, 0
;__Lib_MathDouble.c,2006 :: 		
INT3216EEE:
;__Lib_MathDouble.c,2007 :: 		
0x0496	0x5001      	MOVF        R1, 0, 0
;__Lib_MathDouble.c,2008 :: 		
0x0498	0x6E00      	MOVWF       R0, 0
;__Lib_MathDouble.c,2009 :: 		
0x049A	0x5002      	MOVF        R2, 0, 0
;__Lib_MathDouble.c,2010 :: 		
0x049C	0x6E01      	MOVWF       R1, 0
;__Lib_MathDouble.c,2015 :: 		
L_end_double2int:
0x049E	0x0012      	RETURN      0
; end of _double2int
___CC2DW:
;__Lib_System.c,21 :: 		
;__Lib_System.c,23 :: 		
_CC2DL_Loop1:
;__Lib_System.c,24 :: 		
0x04A0	0x0009      	TBLRD*+
;__Lib_System.c,25 :: 		
0x04A2	0xFFE6CFF5  	MOVFF       TABLAT, POSTINC1
;__Lib_System.c,26 :: 		
0x04A6	0x0600      	DECF        R0, 1, 0
;__Lib_System.c,27 :: 		
0x04A8	0xE1FB      	BNZ         _CC2DL_Loop1
;__Lib_System.c,28 :: 		
0x04AA	0x0601      	DECF        R1, 1, 0
;__Lib_System.c,29 :: 		
0x04AC	0xE1F9      	BNZ         _CC2DL_Loop1
;__Lib_System.c,31 :: 		
L_end___CC2DW:
0x04AE	0x0012      	RETURN      0
; end of ___CC2DW
_calculate_distance:
;ObstacleAvoidance.c,17 :: 		void calculate_distance() //function to calculate distance of US
;ObstacleAvoidance.c,19 :: 		TMR1H = 0; TMR1L =0; //clear the timer bits
0x04B0	0x6ACF      	CLRF        TMR1H 
0x04B2	0x6ACE      	CLRF        TMR1L 
;ObstacleAvoidance.c,20 :: 		Trigger = 1;
0x04B4	0x8281      	BSF         PORTB, 1 
;ObstacleAvoidance.c,21 :: 		Delay_ms(10);
0x04B6	0x0E82      	MOVLW       130
0x04B8	0x6E0C      	MOVWF       R12, 0
0x04BA	0x0EDD      	MOVLW       221
0x04BC	0x6E0D      	MOVWF       R13, 0
L_calculate_distance1:
0x04BE	0x2E0D      	DECFSZ      R13, 1, 0
0x04C0	0xD7FE      	BRA         L_calculate_distance1
0x04C2	0x2E0C      	DECFSZ      R12, 1, 0
0x04C4	0xD7FC      	BRA         L_calculate_distance1
0x04C6	0x0000      	NOP
0x04C8	0x0000      	NOP
;ObstacleAvoidance.c,22 :: 		Trigger = 0;
0x04CA	0x9281      	BCF         PORTB, 1 
;ObstacleAvoidance.c,23 :: 		while (Echo==0);
L_calculate_distance2:
0x04CC	0xB481      	BTFSC       PORTB, 2 
0x04CE	0xD001      	BRA         L_calculate_distance3
0x04D0	0xD7FD      	BRA         L_calculate_distance2
L_calculate_distance3:
;ObstacleAvoidance.c,24 :: 		T1CON = 1;
0x04D2	0x0E01      	MOVLW       1
0x04D4	0x6ECD      	MOVWF       T1CON 
;ObstacleAvoidance.c,25 :: 		while (Echo==1);
L_calculate_distance4:
0x04D6	0xA481      	BTFSS       PORTB, 2 
0x04D8	0xD001      	BRA         L_calculate_distance5
0x04DA	0xD7FD      	BRA         L_calculate_distance4
L_calculate_distance5:
;ObstacleAvoidance.c,26 :: 		T1CON = 0;
0x04DC	0x6ACD      	CLRF        T1CON 
;ObstacleAvoidance.c,27 :: 		time_taken = (TMR1L | (TMR1H<<8));
0x04DE	0xF001CFCF  	MOVFF       TMR1H, R1
0x04E2	0x6A00      	CLRF        R0 
0x04E4	0x50CE      	MOVF        TMR1L, 0 
0x04E6	0x1200      	IORWF       R0, 1 
0x04E8	0x0E00      	MOVLW       0
0x04EA	0x1201      	IORWF       R1, 1 
0x04EC	0xF017C000  	MOVFF       R0, _time_taken
0x04F0	0xF018C001  	MOVFF       R1, _time_taken+1
;ObstacleAvoidance.c,28 :: 		distance= (0.0272*time_taken)/2;
0x04F4	0xDF4C      	RCALL       _int2double
0x04F6	0x0E89      	MOVLW       137
0x04F8	0x6E04      	MOVWF       R4 
0x04FA	0x0ED2      	MOVLW       210
0x04FC	0x6E05      	MOVWF       R5 
0x04FE	0x0E5E      	MOVLW       94
0x0500	0x6E06      	MOVWF       R6 
0x0502	0x0E79      	MOVLW       121
0x0504	0x6E07      	MOVWF       R7 
0x0506	0xDEB3      	RCALL       _Mul_32x32_FP
0x0508	0x0E00      	MOVLW       0
0x050A	0x6E04      	MOVWF       R4 
0x050C	0x0E00      	MOVLW       0
0x050E	0x6E05      	MOVWF       R5 
0x0510	0x0E00      	MOVLW       0
0x0512	0x6E06      	MOVWF       R6 
0x0514	0x0E80      	MOVLW       128
0x0516	0x6E07      	MOVWF       R7 
0x0518	0xDDF0      	RCALL       _Div_32x32_FP
0x051A	0xDF59      	RCALL       _double2int
0x051C	0xF015C000  	MOVFF       R0, _distance
0x0520	0xF016C001  	MOVFF       R1, _distance+1
;ObstacleAvoidance.c,29 :: 		}
L_end_calculate_distance:
0x0524	0x0012      	RETURN      0
; end of _calculate_distance
_back_off:
;ObstacleAvoidance.c,10 :: 		void back_off() //used to drive the robot backward
;ObstacleAvoidance.c,12 :: 		PORTD.F0=HIGH; PORTD.F1=LOW; //Motor 1 reverse
0x0526	0x8083      	BSF         PORTD, 0 
0x0528	0x9283      	BCF         PORTD, 1 
;ObstacleAvoidance.c,13 :: 		PORTD.F2=LOW; PORTD.F3=HIGH; //Motor 2 reverse
0x052A	0x9483      	BCF         PORTD, 2 
0x052C	0x8683      	BSF         PORTD, 3 
;ObstacleAvoidance.c,14 :: 		Delay_ms(1000);
0x052E	0x0E33      	MOVLW       51
0x0530	0x6E0B      	MOVWF       R11, 0
0x0532	0x0EBB      	MOVLW       187
0x0534	0x6E0C      	MOVWF       R12, 0
0x0536	0x0EDF      	MOVLW       223
0x0538	0x6E0D      	MOVWF       R13, 0
L_back_off0:
0x053A	0x2E0D      	DECFSZ      R13, 1, 0
0x053C	0xD7FE      	BRA         L_back_off0
0x053E	0x2E0C      	DECFSZ      R12, 1, 0
0x0540	0xD7FC      	BRA         L_back_off0
0x0542	0x2E0B      	DECFSZ      R11, 1, 0
0x0544	0xD7FA      	BRA         L_back_off0
0x0546	0x0000      	NOP
0x0548	0x0000      	NOP
;ObstacleAvoidance.c,15 :: 		}
L_end_back_off:
0x054A	0x0012      	RETURN      0
; end of _back_off
_main:
0x054C	0x0E0A      	MOVLW       10
0x054E	0x6E15      	MOVWF       _distance 
0x0550	0x6A16      	CLRF        22 
;ObstacleAvoidance.c,33 :: 		void main(){
;ObstacleAvoidance.c,34 :: 		TRISD.F0 = 0x00; //PORTD declared as output for interfacing L293D
0x0552	0x9095      	BCF         TRISD, 0 
;ObstacleAvoidance.c,35 :: 		TRISD.F1 = 0x00;
0x0554	0x9295      	BCF         TRISD, 1 
;ObstacleAvoidance.c,36 :: 		TRISD.F2 = 0x00;
0x0556	0x9495      	BCF         TRISD, 2 
;ObstacleAvoidance.c,37 :: 		TRISD.F3 = 0x00;
0x0558	0x9695      	BCF         TRISD, 3 
;ObstacleAvoidance.c,38 :: 		TRISB.F1 = 0; //Trigger pin of US sensor is sent as output pin
0x055A	0x9293      	BCF         TRISB, 1 
;ObstacleAvoidance.c,39 :: 		TRISB.F2 = 1; //Echo pin of US sensor is set as input pin
0x055C	0x8493      	BSF         TRISB, 2 
;ObstacleAvoidance.c,40 :: 		TRISD.F0 = 0; TRISD.F1 = 0; //Motor 1 pins declared as output
0x055E	0x9095      	BCF         TRISD, 0 
0x0560	0x9295      	BCF         TRISD, 1 
;ObstacleAvoidance.c,41 :: 		TRISD.F2 = 0; TRISD.F3 = 0; //Motor 2 pins declared as output
0x0562	0x9495      	BCF         TRISD, 2 
0x0564	0x9695      	BCF         TRISD, 3 
;ObstacleAvoidance.c,42 :: 		T1CON=0x20;
0x0566	0x0E20      	MOVLW       32
0x0568	0x6ECD      	MOVWF       T1CON 
;ObstacleAvoidance.c,43 :: 		while(1){
L_main6:
;ObstacleAvoidance.c,44 :: 		calculate_distance();
0x056A	0xDFA2      	RCALL       _calculate_distance
;ObstacleAvoidance.c,45 :: 		PORTD.F0=LOW; PORTD.F1=HIGH; //Motor 1 forward
0x056C	0x9083      	BCF         PORTD, 0 
0x056E	0x8283      	BSF         PORTD, 1 
;ObstacleAvoidance.c,46 :: 		PORTD.F2=HIGH; PORTD.F3=LOW; //Motor 2 forward
0x0570	0x8483      	BSF         PORTD, 2 
0x0572	0x9683      	BCF         PORTD, 3 
;ObstacleAvoidance.c,47 :: 		if (distance>5){
0x0574	0x0E80      	MOVLW       128
0x0576	0x6E00      	MOVWF       R0 
0x0578	0x0E80      	MOVLW       128
0x057A	0x1816      	XORWF       _distance+1, 0 
0x057C	0x5C00      	SUBWF       R0, 0 
0x057E	0xE102      	BNZ         L__main15
0x0580	0x5015      	MOVF        _distance, 0 
0x0582	0x0805      	SUBLW       5
L__main15:
0x0584	0xE20F      	BC          L_main8
;ObstacleAvoidance.c,48 :: 		PORTD.F0=LOW; PORTD.F1=HIGH; //Motor 1 forward
0x0586	0x9083      	BCF         PORTD, 0 
0x0588	0x8283      	BSF         PORTD, 1 
;ObstacleAvoidance.c,49 :: 		PORTD.F2=HIGH; PORTD.F3=LOW; //Motor 2 forward
0x058A	0x8483      	BSF         PORTD, 2 
0x058C	0x9683      	BCF         PORTD, 3 
;ObstacleAvoidance.c,50 :: 		Delay_ms(10);
0x058E	0x0E82      	MOVLW       130
0x0590	0x6E0C      	MOVWF       R12, 0
0x0592	0x0EDD      	MOVLW       221
0x0594	0x6E0D      	MOVWF       R13, 0
L_main9:
0x0596	0x2E0D      	DECFSZ      R13, 1, 0
0x0598	0xD7FE      	BRA         L_main9
0x059A	0x2E0C      	DECFSZ      R12, 1, 0
0x059C	0xD7FC      	BRA         L_main9
0x059E	0x0000      	NOP
0x05A0	0x0000      	NOP
;ObstacleAvoidance.c,51 :: 		}else{
0x05A2	0xD00B      	BRA         L_main10
L_main8:
;ObstacleAvoidance.c,52 :: 		back_off();
0x05A4	0xDFC0      	RCALL       _back_off
;ObstacleAvoidance.c,53 :: 		Delay_ms(10);
0x05A6	0x0E82      	MOVLW       130
0x05A8	0x6E0C      	MOVWF       R12, 0
0x05AA	0x0EDD      	MOVLW       221
0x05AC	0x6E0D      	MOVWF       R13, 0
L_main11:
0x05AE	0x2E0D      	DECFSZ      R13, 1, 0
0x05B0	0xD7FE      	BRA         L_main11
0x05B2	0x2E0C      	DECFSZ      R12, 1, 0
0x05B4	0xD7FC      	BRA         L_main11
0x05B6	0x0000      	NOP
0x05B8	0x0000      	NOP
;ObstacleAvoidance.c,54 :: 		}
L_main10:
;ObstacleAvoidance.c,55 :: 		}
0x05BA	0xD7D7      	BRA         L_main6
;ObstacleAvoidance.c,56 :: 		}
L_end_main:
0x05BC	0xD7FF      	BRA         $+0
; end of _main
Symbol List:
//** Routines locations **
//ADDRESS    SIZE    PROCEDURE
//----------------------------------------------
0x001C       [8]    _FIXSIGN32
0x0024      [26]    _SETFUN32
0x003E      [14]    _RES032
0x004C     [114]    _NRM3232
0x00BE      [28]    _SETIOV3224
0x00DA      [24]    _SETFOV32
0x00F2       [8]    _SETFDZ32
0x00FA     [372]    _Div_32x32_FP
0x026E     [288]    _Mul_32x32_FP
0x038E      [64]    _int2double
0x03CE     [210]    _double2int
0x04A0      [16]    ___CC2DW
0x04B0     [118]    _calculate_distance
0x0526      [38]    _back_off
0x054C     [114]    _main
//** Variables locations ** 
//ADDRESS    SIZE    VARIABLE
//----------------------------------------------
0x0000       [1]    R0
0x0001       [1]    R1
0x0002       [1]    R2
0x0003       [1]    R3
0x0004       [1]    R4
0x0005       [1]    R5
0x0006       [1]    R6
0x0007       [1]    R7
0x0008       [1]    R8
0x0009       [1]    R9
0x000A       [1]    R10
0x000B       [1]    R11
0x000C       [1]    R12
0x000D       [1]    R13
0x000E       [1]    R14
0x000F       [1]    R15
0x0010       [1]    R16
0x0011       [1]    R17
0x0012       [1]    R18
0x0013       [1]    R19
0x0014       [1]    R20
0x0015       [2]    _distance
0x0017       [2]    _time_taken
0x0F81       [1]    PORTB
0x0F83       [1]    PORTD
0x0F93       [1]    TRISB
0x0F95       [1]    TRISD
0x0FCD       [1]    T1CON
0x0FCE       [1]    TMR1L
0x0FCF       [1]    TMR1H
0x0FD8       [1]    STATUS
0x0FD9       [1]    FSR2L
0x0FDA       [1]    FSR2H
0x0FDE       [1]    POSTINC2
0x0FE0       [1]    BSR
0x0FE1       [1]    FSR1L
0x0FE2       [1]    FSR1H
0x0FE4       [1]    PREINC1
0x0FE6       [1]    POSTINC1
0x0FE7       [1]    INDF1
0x0FE8       [1]    WREG
0x0FE9       [1]    FSR0L
0x0FEA       [1]    FSR0H
0x0FEE       [1]    POSTINC0
0x0FF3       [1]    PRODL
0x0FF4       [1]    PRODH
0x0FF5       [1]    TABLAT
0x0FF6       [1]    TBLPTRL
0x0FF7       [1]    TBLPTRH
0x0FF8       [1]    TBLPTRU
